<?xml version="1.0" encoding="UTF-8"?>
<!-- Generated by org.testng.reporters.JUnitXMLReporter -->
<testsuite ignored="2" hostname="Admin-PC" failures="0" tests="3" name="Test-Runner-Chrome" time="112.944" errors="0" timestamp="2022-10-13T21:36:04 IST">
  <testcase classname="vtiger.ContactsTests.CreateContactWithOrganizationTest" name="createContactWithOrgTest" time="44.494"/>
  <testcase classname="vtiger.ContactsTests.CreateContactWithMandatoryFieldsTest" name="createContactWithMandatoryFields" time="20.071"/>
  <testcase classname="vtiger.ContactsTests.CreateContactWithMandatoryFieldsTest" name="demoTest" time="0.002"/>
  <testcase classname="vitiger.GenericUtility.BaseClass" name="@BeforeSuite bsConfig" time="0.0">
    <ignored/>
  </testcase> <!-- @BeforeSuite bsConfig -->
  <testcase classname="vitiger.GenericUtility.BaseClass" name="@AfterSuite asConfig" time="0.0">
    <ignored/>
  </testcase> <!-- @AfterSuite asConfig -->
</testsuite> <!-- Test-Runner-Chrome -->
