<?xml version="1.0" encoding="UTF-8"?>
<!-- Generated by org.testng.reporters.JUnitReportReporter -->
<testsuite hostname="Admin-PC" failures="0" tests="4" name="vtiger.ContactsTests.CreateContactWithMandatoryFieldsTest" time="61.762" errors="0" timestamp="2022-10-13T21:36:04 IST" skipped="0">
  <testcase classname="vtiger.ContactsTests.CreateContactWithMandatoryFieldsTest" name="demoTest" time="7.368"/>
  <system-out/>
  <testcase classname="vtiger.ContactsTests.CreateContactWithMandatoryFieldsTest" name="demoTest" time="5.014"/>
  <system-out/>
  <testcase classname="vtiger.ContactsTests.CreateContactWithMandatoryFieldsTest" name="createContactWithMandatoryFields" time="23.994"/>
  <system-out/>
  <testcase classname="vtiger.ContactsTests.CreateContactWithMandatoryFieldsTest" name="createContactWithMandatoryFields" time="25.386"/>
  <system-out/>
</testsuite> <!-- vtiger.ContactsTests.CreateContactWithMandatoryFieldsTest -->
