<?xml version="1.0" encoding="UTF-8"?>
<!-- Generated by org.testng.reporters.JUnitReportReporter -->
<testsuite hostname="Admin-PC" failures="0" tests="2" name="vtiger.Practice.TestNGPractice" time="0.013" errors="0" timestamp="2022-09-16T18:08:02 IST" skipped="0">
  <testcase classname="vtiger.Practice.TestNGPractice" name="testNGPractice" time="0.011"/>
  <system-out/>
  <testcase classname="vtiger.Practice.TestNGPractice" name="testNGPractice2" time="0.002"/>
  <system-out/>
</testsuite> <!-- vtiger.Practice.TestNGPractice -->
