<?xml version="1.0" encoding="UTF-8"?>
<!-- Generated by org.testng.reporters.JUnitReportReporter -->
<testsuite hostname="Admin-PC" failures="0" tests="1" name="vtiger.organizationTest.CreateContactWithOPrgTest" time="22.650" errors="0" timestamp="2022-10-11T23:38:44 IST" skipped="0">
  <testcase classname="vtiger.organizationTest.CreateContactWithOPrgTest" name="createContactWithOrgTest" time="22.650"/>
  <system-out>
    <![CDATA[orgnisation link cliked 
create org look up img clicked 
new organization created 
contact link clicked 
create contact lookup img cliked
new contact with new organization created
validation is successfull]]>
  </system-out>
</testsuite> <!-- vtiger.organizationTest.CreateContactWithOPrgTest -->
