<?xml version="1.0" encoding="UTF-8"?>
<!-- Generated by org.testng.reporters.JUnitReportReporter -->
<testsuite hostname="Admin-PC" failures="0" tests="1" name="vtiger.ContactsTests.CreateOrganizationTest" time="15.836" errors="0" timestamp="2022-10-11T23:00:37 IST" skipped="0">
  <testcase classname="vtiger.ContactsTests.CreateOrganizationTest" name="createOrgTest" time="15.836"/>
  <system-out/>
</testsuite> <!-- vtiger.ContactsTests.CreateOrganizationTest -->
