<?xml version="1.0" encoding="UTF-8"?>
<!-- Generated by org.testng.reporters.JUnitReportReporter -->
<testsuite hostname="Admin-PC" failures="0" tests="2" name="vtiger.Practice.BaseClassPractice" time="0.012" errors="0" timestamp="2022-10-12T00:11:36 IST" skipped="0">
  <testcase classname="vtiger.Practice.BaseClassPractice" name="test2" time="0.002"/>
  <system-out/>
  <testcase classname="vtiger.Practice.BaseClassPractice" name="test1" time="0.010"/>
  <system-out/>
</testsuite> <!-- vtiger.Practice.BaseClassPractice -->
