<?xml version="1.0" encoding="UTF-8"?>
<!-- Generated by org.testng.reporters.JUnitReportReporter -->
<testsuite hostname="Admin-PC" failures="0" tests="1" name="vtiger.organizationTest.CreateMultipleOrganizationWithIndustryTest" time="0.000" errors="0" timestamp="2022-10-10T22:57:39 IST" skipped="1">
  <testcase classname="vtiger.organizationTest.CreateMultipleOrganizationWithIndustryTest" name="createMultipleOrgTest" time="0.000">
    <skipped/>
  </testcase> <!-- createMultipleOrgTest -->
  <system-out/>
</testsuite> <!-- vtiger.organizationTest.CreateMultipleOrganizationWithIndustryTest -->
